<?xml version="1.0" encoding="UTF-8"?>
<testng-results ignored="0" total="1" passed="1" failed="0" skipped="0">
  <reporter-output>
  </reporter-output>
  <suite started-at="2020-10-04T17:02:42 EET" name="Default suite" finished-at="2020-10-04T17:03:02 EET" duration-ms="19698">
    <groups>
    </groups>
    <test started-at="2020-10-04T17:02:42 EET" name="Default test" finished-at="2020-10-04T17:03:02 EET" duration-ms="19698">
      <class name="interview.home">
        <test-method is-config="true" signature="setUp()[pri:0, instance:interview.home@78047b92]" started-at="2020-10-04T17:02:43 EET" name="setUp" finished-at="2020-10-04T17:02:57 EET" duration-ms="14739" status="PASS">
          <reporter-output>
          </reporter-output>
        </test-method> <!-- setUp -->
        <test-method signature="main()[pri:0, instance:interview.home@78047b92]" started-at="2020-10-04T17:02:57 EET" name="main" finished-at="2020-10-04T17:03:02 EET" duration-ms="4910" status="PASS">
          <reporter-output>
          </reporter-output>
        </test-method> <!-- main -->
      </class> <!-- interview.home -->
    </test> <!-- Default test -->
  </suite> <!-- Default suite -->
</testng-results>
